FROOTY->STARTING RUN: 	2017-08-1223:59:35

[23:59:35]: SELECTED DEVICE FILE-> DEVICES/ssh_router.json

[23:59:35]: SELECTED TEST CASE FILE-> TESTCASES/ssh_router.py

[23:59:35]: Jump to device file now.,
[23:59:35]:DEVICE :  DEVICE_1
[23:59:35]: 	     NAME	    :dut
[23:59:35]:          IP	        :10.1.1.1
[23:59:35]:          PORT    	:22
[23:59:35]:          MODE    	:ssh
[23:59:35]:          USER    	:cisco
[23:59:35]:          PASS    	:root123
[23:59:35]: Starting Test Case 001

[23:59:35]: ERROR: Please return 1 \(or\) 0 in your test case

[23:59:35]: ERROR: Results of this test case is not calculated for Regression/Smoke/Final results

[23:59:35]: Starting Test Case 001
[23:59:35]: 
R1#
R1#terminal length 0
R1#
R1#
R1#
R1#
R1#
R1#
R1#show version
Cisco IOS Software, 2600 Software (C2691-ADVENTERPRISEK9-M), Version 12.4(5a), RELEASE SOFTWARE (fc3)
Technical Support: http://www.cisco.com/techsupport
Copyright (c) 1986-2006 by Cisco Systems, Inc.
Compiled Sat 14-Jan-06 05:00 by alnguyen

ROM: ROMMON Emulation Microcode
ROM: 2600 Software (C2691-ADVENTERPRISEK9-M), Version 12.4(5a), RELEASE SOFTWARE (fc3)

R1 uptime is 6 hours, 36 minutes
System returned to ROM by unknown reload cause - suspect boot_data[BOOT_COUNT] 0x0, BOOT_COUNT 0, BOOTDATA 19
System image file is "tftp://255.255.255.255/unknown"


This product contains cryptographic features and is subject to United
States and local country laws governing import, export, transfer and
use. Delivery of Cisco cryptographic products does not imply
third-party authority to import, export, distribute or use encryption.
Importers, exporters, distributors and users are responsible for
compliance with U.S. and local country laws. By using this product you
agree to comply with applicable laws and regulations. If you are unable
to comply with U.S. and local laws, return this product immediately.

A summary of U.S. laws governing Cisco cryptographic products may be found at:
http://www.cisco.com/wwl/export/crypto/tool/stqrg.html

If you require further assistance please contact us by sending email to
export@cisco.com.

Cisco 2691 (R7000) processor (revision 0.1) with 187392K/9216K bytes of memory.
Processor board ID XXXXXXXXXXX
R7000 CPU at 160MHz, Implementation 39, Rev 2.1, 256KB L2, 512KB L3 Cache
2 FastEthernet interfaces
DRAM configuration is 64 bits wide with parity enabled.
55K bytes of NVRAM.

Configuration register is 0x2102

R1#
R1#
[23:59:35]: ============================
[23:59:35]: SUMMARY OF RESULTS
[23:59:35]: TOTAL TEST CASES RAN    : 1 
[23:59:35]: TOTAL TEST CASES PASSED : 1
[23:59:35]: TOTAL TEST CASES FAILED : 0
[23:59:35]: TOTAL TEST CASES BLOCKED: 0
[23:59:35]: ============================

[23:59:35]: 
