FROOTY->STARTING RUN: 	2017-11-03_10:55:16

[10:55:16]: Init log->/root/saroj/TEST/Frooty/LOGS/
[10:55:16]: SELECTED DEVICE FILE-> DEVICES/sample_snmp.json

[10:55:16]: SELECTED TEST CASE FILE-> BATCH_FILE/SMOKE_SANITY

[10:55:16]: Loaded the Device file and starting now.,
[10:55:16]: Jump to device file now.,
[10:55:16]: DEVICE       :DEVICE_1
[10:55:16]: NAME	      :dut
[10:55:16]: IP	      :127.0.0.1
[10:55:16]: PORT         :23
[10:55:16]: MODE         :telnet
[10:55:16]: USER         :abc123
[10:55:16]: PASS         :abc123
[10:55:16]: COMM_STR     :public
[10:55:16]: SNMP_PORT    :161
[10:55:16]: 
SNMP COMMAND : snmpset -v2c -c public 127.0.0.1 1.3.6.1.2.1.1.1.0 s new_Comment

[10:55:16]: <<<<<<<<OUTPUT>>>>>>>>>
[10:55:16]: [ObjectType(ObjectIdentity(ObjectName('1.3.6.1.2.1.1.1.0')), DisplayString('new_Comment', subtypeSpec=ConstraintsIntersection(ValueSizeConstraint(0, 65535), ValueSizeConstraint(0, 255), ValueSizeConstraint(0, 255))))]
[10:55:16]: REASON : 'noAccess' at 1.3.6.1.2.1.1.1.0
[10:55:16]: <function TEST_CASE_001 at 0x7f5c29386320>-->RESULT: PASSED
